Oct-02 15:09:32.694 [main] DEBUG nextflow.cli.Launcher - $> nextflow run map_plink.nf
Oct-02 15:09:32.760 [main] INFO  nextflow.cli.CmdRun - N E X T F L O W  ~  version 23.04.4
Oct-02 15:09:32.797 [main] DEBUG nextflow.plugin.PluginsFacade - Setting up plugin manager > mode=prod; embedded=false; plugins-dir=/home/user05/.nextflow/plugins; core-plugins: nf-amazon@1.16.2,nf-azure@1.0.1,nf-codecommit@0.1.4,nf-console@1.0.5,nf-ga4gh@1.0.5,nf-google@1.7.3-patch1,nf-tower@1.5.12,nf-wave@0.8.4
Oct-02 15:09:32.806 [main] INFO  org.pf4j.DefaultPluginStatusProvider - Enabled plugins: []
Oct-02 15:09:32.807 [main] INFO  org.pf4j.DefaultPluginStatusProvider - Disabled plugins: []
Oct-02 15:09:32.810 [main] INFO  org.pf4j.DefaultPluginManager - PF4J version 3.4.1 in 'deployment' mode
Oct-02 15:09:32.817 [main] INFO  org.pf4j.AbstractPluginManager - No plugins
Oct-02 15:09:32.831 [main] DEBUG nextflow.config.ConfigBuilder - Found config local: /home/user05/nf_tut/nextflow.config
Oct-02 15:09:32.832 [main] DEBUG nextflow.config.ConfigBuilder - Parsing config file: /home/user05/nf_tut/nextflow.config
Oct-02 15:09:32.853 [main] DEBUG nextflow.config.ConfigBuilder - Applying config profile: `standard`
Oct-02 15:09:33.322 [main] DEBUG nextflow.cli.CmdRun - Applied DSL=2 from script declararion
Oct-02 15:09:33.326 [main] INFO  nextflow.cli.CmdRun - Launching `map_plink.nf` [extravagant_keller] DSL2 - revision: f8e0a67c68
Oct-02 15:09:33.327 [main] DEBUG nextflow.plugin.PluginsFacade - Plugins default=[]
Oct-02 15:09:33.327 [main] DEBUG nextflow.plugin.PluginsFacade - Plugins resolved requirement=[]
Oct-02 15:09:33.339 [main] DEBUG nextflow.secret.LocalSecretsProvider - Secrets store: /home/user05/.nextflow/secrets/store.json
Oct-02 15:09:33.342 [main] DEBUG nextflow.secret.SecretsLoader - Discovered secrets providers: [nextflow.secret.LocalSecretsProvider@4d634127] - activable => nextflow.secret.LocalSecretsProvider@4d634127
Oct-02 15:09:33.394 [main] DEBUG nextflow.Session - Session UUID: a0a05dd8-e92a-4f96-851c-572a69c9c19f
Oct-02 15:09:33.394 [main] DEBUG nextflow.Session - Run name: extravagant_keller
Oct-02 15:09:33.395 [main] DEBUG nextflow.Session - Executor pool size: 4
Oct-02 15:09:33.405 [main] DEBUG nextflow.util.ThreadPoolBuilder - Creating thread pool 'FileTransfer' minSize=10; maxSize=12; workQueue=LinkedBlockingQueue[10000]; allowCoreThreadTimeout=false
Oct-02 15:09:33.501 [main] DEBUG nextflow.cli.CmdRun - 
  Version: 23.04.4 build 5883
  Created: 25-09-2023 15:46 UTC 
  System: Linux 5.15.0-84-generic
  Runtime: Groovy 3.0.16 on OpenJDK 64-Bit Server VM 19.0.2+7-Ubuntu-0ubuntu322.04
  Encoding: UTF-8 (UTF-8)
  Process: 31765@localhost null
  CPUs: 4 - Mem: 31.3 GB (26 GB) - Swap: 0 (0)
Oct-02 15:09:33.530 [main] DEBUG nextflow.Session - Work-dir: /home/user05/nf_tut/work [ext2/ext3]
Oct-02 15:09:33.531 [main] DEBUG nextflow.Session - Script base path does not exist or is not a directory: /home/user05/nf_tut/bin
Oct-02 15:09:33.557 [main] DEBUG nextflow.executor.ExecutorFactory - Extension executors providers=[GoogleLifeSciencesExecutor, AwsBatchExecutor, GoogleBatchExecutor]
Oct-02 15:09:33.567 [main] DEBUG nextflow.Session - Observer factory: DefaultObserverFactory
Oct-02 15:09:33.570 [main] DEBUG nextflow.Session - Observer factory: TowerFactory
Oct-02 15:09:33.585 [main] DEBUG nextflow.cache.CacheFactory - Using Nextflow cache factory: nextflow.cache.DefaultCacheFactory
Oct-02 15:09:33.595 [main] DEBUG nextflow.util.CustomThreadPool - Creating default thread pool > poolSize: 5; maxThreads: 1000
Oct-02 15:09:33.666 [main] DEBUG nextflow.Session - Session start
Oct-02 15:09:33.999 [main] DEBUG nextflow.script.ScriptRunner - > Launching execution
Oct-02 15:09:34.154 [main] DEBUG nextflow.script.ProcessConfig - Config settings `withName:run_count|run_plink` matches process run_plink
Oct-02 15:09:34.160 [main] DEBUG nextflow.executor.ExecutorFactory - << taskConfig executor: null
Oct-02 15:09:34.160 [main] DEBUG nextflow.executor.ExecutorFactory - >> processorType: 'local'
Oct-02 15:09:34.164 [main] DEBUG nextflow.executor.Executor - [warm up] executor > local
Oct-02 15:09:34.170 [main] DEBUG n.processor.LocalPollingMonitor - Creating local task monitor for executor 'local' > cpus=4; memory=31.3 GB; capacity=4; pollInterval=100ms; dumpInterval=5m
Oct-02 15:09:34.237 [main] DEBUG nextflow.script.ProcessConfig - Config settings `withName:run_count|run_plink` matches process run_count
Oct-02 15:09:34.238 [main] DEBUG nextflow.executor.ExecutorFactory - << taskConfig executor: null
Oct-02 15:09:34.238 [main] DEBUG nextflow.executor.ExecutorFactory - >> processorType: 'local'
Oct-02 15:09:34.244 [main] DEBUG nextflow.Session - Workflow process names [dsl2]: run_plink, run_count
Oct-02 15:09:34.245 [main] DEBUG nextflow.Session - Igniting dataflow network (3)
Oct-02 15:09:34.250 [main] DEBUG nextflow.processor.TaskProcessor - Starting process > run_plink
Oct-02 15:09:34.251 [PathVisitor-1] DEBUG nextflow.file.PathVisitor - files for syntax: glob; folder: data/pops/; pattern: *.{bed,bim,fam}; options: [:]
Oct-02 15:09:34.251 [main] DEBUG nextflow.processor.TaskProcessor - Starting process > run_count
Oct-02 15:09:34.251 [main] DEBUG nextflow.script.ScriptRunner - > Awaiting termination 
Oct-02 15:09:34.251 [main] DEBUG nextflow.Session - Session await
Oct-02 15:09:34.365 [Actor Thread 6] INFO  nextflow.container.SingularityCache - Pulling Singularity image docker://phelelani/misc:plink [cache /home/user05/.singularity/cache/phelelani-misc-plink.img]
Oct-02 15:10:04.723 [Actor Thread 6] DEBUG nextflow.container.SingularityCache - Singularity pull complete image=docker://phelelani/misc:plink path=/home/user05/.singularity/cache/phelelani-misc-plink.img
Oct-02 15:10:04.833 [Task submitter] DEBUG n.executor.local.LocalTaskHandler - Launch cmd line: /bin/bash -ue .command.run
Oct-02 15:10:04.835 [Task submitter] INFO  nextflow.Session - [ad/0d5ec0] Submitted process > run_plink (3)
Oct-02 15:10:04.840 [Task submitter] DEBUG n.executor.local.LocalTaskHandler - Launch cmd line: /bin/bash -ue .command.run
Oct-02 15:10:04.841 [Task submitter] INFO  nextflow.Session - [5c/c38f2b] Submitted process > run_plink (2)
Oct-02 15:10:04.846 [Task submitter] DEBUG n.executor.local.LocalTaskHandler - Launch cmd line: /bin/bash -ue .command.run
Oct-02 15:10:04.849 [Task submitter] INFO  nextflow.Session - [d8/48bf69] Submitted process > run_plink (4)
Oct-02 15:10:04.853 [Task submitter] DEBUG n.executor.local.LocalTaskHandler - Launch cmd line: /bin/bash -ue .command.run
Oct-02 15:10:04.865 [Task submitter] INFO  nextflow.Session - [5d/9b8731] Submitted process > run_plink (1)
Oct-02 15:10:05.478 [Task monitor] DEBUG n.processor.TaskPollingMonitor - Task completed > TaskHandler[id: 3; name: run_plink (3); status: COMPLETED; exit: 0; error: -; workDir: /home/user05/nf_tut/work/ad/0d5ec089c60093b8527577b95a0264]
Oct-02 15:10:05.499 [Task monitor] DEBUG n.processor.TaskPollingMonitor - Task completed > TaskHandler[id: 2; name: run_plink (2); status: COMPLETED; exit: 0; error: -; workDir: /home/user05/nf_tut/work/5c/c38f2b7f800a5eae7c084e03d66afe]
Oct-02 15:10:05.501 [Task monitor] DEBUG n.processor.TaskPollingMonitor - Task completed > TaskHandler[id: 4; name: run_plink (4); status: COMPLETED; exit: 0; error: -; workDir: /home/user05/nf_tut/work/d8/48bf69dcaa117cc469bb46a6dd7b94]
Oct-02 15:10:05.502 [Task monitor] DEBUG n.processor.TaskPollingMonitor - Task completed > TaskHandler[id: 1; name: run_plink (1); status: COMPLETED; exit: 0; error: -; workDir: /home/user05/nf_tut/work/5d/9b873108e5f0802cdfd4baad619d17]
Oct-02 15:10:05.508 [Task submitter] DEBUG n.executor.local.LocalTaskHandler - Launch cmd line: /bin/bash -ue .command.run
Oct-02 15:10:05.508 [Task submitter] INFO  nextflow.Session - [2a/b248aa] Submitted process > run_count (1)
Oct-02 15:10:05.517 [Task submitter] DEBUG n.executor.local.LocalTaskHandler - Launch cmd line: /bin/bash -ue .command.run
Oct-02 15:10:05.517 [Task submitter] INFO  nextflow.Session - [0a/0a144a] Submitted process > run_count (3)
Oct-02 15:10:05.526 [Task submitter] DEBUG n.executor.local.LocalTaskHandler - Launch cmd line: /bin/bash -ue .command.run
Oct-02 15:10:05.527 [Task submitter] INFO  nextflow.Session - [f6/d4e66b] Submitted process > run_count (2)
Oct-02 15:10:05.543 [Task submitter] DEBUG n.executor.local.LocalTaskHandler - Launch cmd line: /bin/bash -ue .command.run
Oct-02 15:10:05.544 [Task submitter] INFO  nextflow.Session - [b3/7dd67c] Submitted process > run_count (4)
Oct-02 15:10:05.823 [Task monitor] DEBUG n.processor.TaskPollingMonitor - Task completed > TaskHandler[id: 6; name: run_count (2); status: COMPLETED; exit: 0; error: -; workDir: /home/user05/nf_tut/work/f6/d4e66be1db7ab539459d1c66d0ba43]
Oct-02 15:10:05.872 [Task monitor] DEBUG n.processor.TaskPollingMonitor - Task completed > TaskHandler[id: 5; name: run_count (1); status: COMPLETED; exit: 0; error: -; workDir: /home/user05/nf_tut/work/2a/b248aaa9b1d3b2d17b0f556576facf]
Oct-02 15:10:05.874 [Task monitor] DEBUG n.processor.TaskPollingMonitor - Task completed > TaskHandler[id: 8; name: run_count (4); status: COMPLETED; exit: 0; error: -; workDir: /home/user05/nf_tut/work/b3/7dd67cff2f0b621ff250ce63e25b8b]
Oct-02 15:10:05.898 [Task monitor] DEBUG n.processor.TaskPollingMonitor - Task completed > TaskHandler[id: 7; name: run_count (3); status: COMPLETED; exit: 0; error: -; workDir: /home/user05/nf_tut/work/0a/0a144a5bf853f4e3bc760cef5d524b]
Oct-02 15:10:05.899 [main] DEBUG nextflow.Session - Session await > all processes finished
Oct-02 15:10:05.999 [main] DEBUG nextflow.Session - Session await > all barriers passed
Oct-02 15:10:06.013 [main] DEBUG nextflow.trace.WorkflowStatsObserver - Workflow completed > WorkflowStats[succeededCount=8; failedCount=0; ignoredCount=0; cachedCount=0; pendingCount=0; submittedCount=0; runningCount=0; retriesCount=0; abortedCount=0; succeedDuration=3.5s; failedDuration=0ms; cachedDuration=0ms;loadCpus=0; loadMemory=0; peakRunning=4; peakCpus=4; peakMemory=0; ]
Oct-02 15:10:06.204 [main] DEBUG nextflow.cache.CacheDB - Closing CacheDB done
Oct-02 15:10:06.219 [main] DEBUG nextflow.util.ThreadPoolManager - Thread pool 'FileTransfer' shutdown completed (hard=false)
Oct-02 15:10:06.219 [main] DEBUG nextflow.script.ScriptRunner - > Execution complete -- Goodbye
