PLINK v1.90b7 64-bit (16 Jan 2023)
Options in effect:
  --bed YRI.bed
  --bim YRI.bim
  --fam YRI.fam
  --freq
  --out YRI

Hostname: elwazi-cww-03
Working directory: /home/user05/nf_tut/work/5c/c38f2b7f800a5eae7c084e03d66afe
Start time: Mon Oct  2 17:10:05 2023

Random number seed: 1696259405
32093 MB RAM detected; reserving 16046 MB for main workspace.
54392 variants loaded from .bim file.
209 people (0 males, 0 females, 209 ambiguous) loaded from .fam.
Ambiguous sex IDs written to YRI.nosex .
Using 1 thread (no multithreaded calculations invoked).
Before main variant filters, 209 founders and 0 nonfounders present.
Calculating allele frequencies... done.
Warning: Nonmissing nonmale Y chromosome genotype(s) present; many commands
treat these as missing.
Total genotyping rate is 0.633569.
--freq: Allele frequencies (founders only) written to YRI.frq .

End time: Mon Oct  2 17:10:05 2023
