PLINK v1.90b7 64-bit (16 Jan 2023)
Options in effect:
  --bed BEB.bed
  --bim BEB.bim
  --fam BEB.fam
  --freq
  --out BEB

Hostname: elwazi-cww-03
Working directory: /home/user05/nf_tut/work/5d/9b873108e5f0802cdfd4baad619d17
Start time: Mon Oct  2 17:10:05 2023

Random number seed: 1696259405
32093 MB RAM detected; reserving 16046 MB for main workspace.
21423 variants loaded from .bim file.
110 people (0 males, 0 females, 110 ambiguous) loaded from .fam.
Ambiguous sex IDs written to BEB.nosex .
Using 1 thread (no multithreaded calculations invoked).
Before main variant filters, 110 founders and 0 nonfounders present.
Calculating allele frequencies... done.
Total genotyping rate is 0.995684.
--freq: Allele frequencies (founders only) written to BEB.frq .

End time: Mon Oct  2 17:10:05 2023
